Determining if the pthread_create exist failed with the following output:
Change Dir: /home/daniel/Documents/Crazyflie/crazyflie_project/ROS/crazyflie_ws/build/CMakeFiles/CMakeTmp

Run Build Command:/usr/bin/make "cmTryCompileExec1996869066/fast"
/usr/bin/make -f CMakeFiles/cmTryCompileExec1996869066.dir/build.make CMakeFiles/cmTryCompileExec1996869066.dir/build
make[1]: Entering directory `/home/daniel/Documents/Crazyflie/crazyflie_project/ROS/crazyflie_ws/build/CMakeFiles/CMakeTmp'
/usr/bin/cmake -E cmake_progress_report /home/daniel/Documents/Crazyflie/crazyflie_project/ROS/crazyflie_ws/build/CMakeFiles/CMakeTmp/CMakeFiles 1
Building C object CMakeFiles/cmTryCompileExec1996869066.dir/CheckSymbolExists.c.o
/usr/bin/cc    -o CMakeFiles/cmTryCompileExec1996869066.dir/CheckSymbolExists.c.o   -c /home/daniel/Documents/Crazyflie/crazyflie_project/ROS/crazyflie_ws/build/CMakeFiles/CMakeTmp/CheckSymbolExists.c
Linking C executable cmTryCompileExec1996869066
/usr/bin/cmake -E cmake_link_script CMakeFiles/cmTryCompileExec1996869066.dir/link.txt --verbose=1
/usr/bin/cc       CMakeFiles/cmTryCompileExec1996869066.dir/CheckSymbolExists.c.o  -o cmTryCompileExec1996869066 -rdynamic 
CMakeFiles/cmTryCompileExec1996869066.dir/CheckSymbolExists.c.o: In function `main':
CheckSymbolExists.c:(.text+0x16): undefined reference to `pthread_create'
collect2: error: ld returned 1 exit status
make[1]: *** [cmTryCompileExec1996869066] Error 1
make[1]: Leaving directory `/home/daniel/Documents/Crazyflie/crazyflie_project/ROS/crazyflie_ws/build/CMakeFiles/CMakeTmp'
make: *** [cmTryCompileExec1996869066/fast] Error 2

File /home/daniel/Documents/Crazyflie/crazyflie_project/ROS/crazyflie_ws/build/CMakeFiles/CMakeTmp/CheckSymbolExists.c:
/* */
#include <pthread.h>

int main(int argc, char** argv)
{
  (void)argv;
#ifndef pthread_create
  return ((int*)(&pthread_create))[argc];
#else
  (void)argc;
  return 0;
#endif
}

Determining if the function pthread_create exists in the pthreads failed with the following output:
Change Dir: /home/daniel/Documents/Crazyflie/crazyflie_project/ROS/crazyflie_ws/build/CMakeFiles/CMakeTmp

Run Build Command:/usr/bin/make "cmTryCompileExec1480266220/fast"
/usr/bin/make -f CMakeFiles/cmTryCompileExec1480266220.dir/build.make CMakeFiles/cmTryCompileExec1480266220.dir/build
make[1]: Entering directory `/home/daniel/Documents/Crazyflie/crazyflie_project/ROS/crazyflie_ws/build/CMakeFiles/CMakeTmp'
/usr/bin/cmake -E cmake_progress_report /home/daniel/Documents/Crazyflie/crazyflie_project/ROS/crazyflie_ws/build/CMakeFiles/CMakeTmp/CMakeFiles 1
Building C object CMakeFiles/cmTryCompileExec1480266220.dir/CheckFunctionExists.c.o
/usr/bin/cc   -DCHECK_FUNCTION_EXISTS=pthread_create   -o CMakeFiles/cmTryCompileExec1480266220.dir/CheckFunctionExists.c.o   -c /usr/share/cmake-2.8/Modules/CheckFunctionExists.c
Linking C executable cmTryCompileExec1480266220
/usr/bin/cmake -E cmake_link_script CMakeFiles/cmTryCompileExec1480266220.dir/link.txt --verbose=1
/usr/bin/cc   -DCHECK_FUNCTION_EXISTS=pthread_create    CMakeFiles/cmTryCompileExec1480266220.dir/CheckFunctionExists.c.o  -o cmTryCompileExec1480266220 -rdynamic -lpthreads 
/usr/bin/ld: cannot find -lpthreads
collect2: error: ld returned 1 exit status
make[1]: *** [cmTryCompileExec1480266220] Error 1
make[1]: Leaving directory `/home/daniel/Documents/Crazyflie/crazyflie_project/ROS/crazyflie_ws/build/CMakeFiles/CMakeTmp'
make: *** [cmTryCompileExec1480266220/fast] Error 2


